mode: set
github.com/taofit/GPA-calculator/api/api.go:22.76,27.2 1 1
github.com/taofit/GPA-calculator/api/api.go:29.64,34.2 3 1
github.com/taofit/GPA-calculator/api/api.go:36.53,37.54 1 0
github.com/taofit/GPA-calculator/api/api.go:37.54,38.33 1 0
github.com/taofit/GPA-calculator/api/api.go:38.33,40.4 1 0
github.com/taofit/GPA-calculator/api/api.go:44.93,46.16 2 1
github.com/taofit/GPA-calculator/api/api.go:49.2,49.47 1 1
github.com/taofit/GPA-calculator/api/api.go:46.16,48.3 1 0
github.com/taofit/GPA-calculator/api/api.go:52.27,58.2 4 0
github.com/taofit/GPA-calculator/api/api.go:60.44,63.20 3 1
github.com/taofit/GPA-calculator/api/api.go:67.2,68.16 2 1
github.com/taofit/GPA-calculator/api/api.go:71.2,71.33 1 1
github.com/taofit/GPA-calculator/api/api.go:77.2,78.16 2 1
github.com/taofit/GPA-calculator/api/api.go:81.2,81.27 1 1
github.com/taofit/GPA-calculator/api/api.go:63.20,66.3 2 1
github.com/taofit/GPA-calculator/api/api.go:68.16,70.3 1 0
github.com/taofit/GPA-calculator/api/api.go:71.33,73.17 2 1
github.com/taofit/GPA-calculator/api/api.go:73.17,75.4 1 0
github.com/taofit/GPA-calculator/api/api.go:78.16,80.3 1 0
github.com/taofit/GPA-calculator/api/api.go:81.27,83.17 2 1
github.com/taofit/GPA-calculator/api/api.go:83.17,85.4 1 0
github.com/taofit/GPA-calculator/api/api.go:89.73,91.16 2 1
github.com/taofit/GPA-calculator/api/api.go:94.2,96.16 3 1
github.com/taofit/GPA-calculator/api/api.go:100.2,100.25 1 1
github.com/taofit/GPA-calculator/api/api.go:91.16,93.3 1 0
github.com/taofit/GPA-calculator/api/api.go:96.16,98.3 1 0
github.com/taofit/GPA-calculator/api/api.go:103.62,105.16 2 1
github.com/taofit/GPA-calculator/api/api.go:108.2,110.16 3 1
github.com/taofit/GPA-calculator/api/api.go:114.2,114.20 1 1
github.com/taofit/GPA-calculator/api/api.go:105.16,107.3 1 0
github.com/taofit/GPA-calculator/api/api.go:110.16,112.3 1 0
